[2019-10-24 13:51:57] local.ERROR: SQLSTATE[22007]: Invalid datetime format: 1366 Incorrect integer value: '' for column `property_new_2`.`properties`.`map_pass` at row 1 (SQL: insert into `properties` (`property_name`, `property_url`, `property_type_id`, `property_code`, `property_price`, `description`, `commercial`, `amenities`, `map_pass`, `furnish_type`, `parea`, `construction_status`, `bedrooms`, `bathrooms`, `address1`, `address2`, `locality`, `country`, `state`, `city`, `add_by`, `service_id`, `agent`, `meta_title`, `updated_at`, `created_at`) values (Single row 3BR+M Type 1 Zahra Townhouse , Single-row-3BR-M-Type-1-Zahra-Townhouse--rapiddeals-573295, 1002, rapiddeals-573295, 120000, RERA Permit 16655

3BR+M Zahra Townhouse for rent @ Nshama's Town Square
Type 1
Single row
BUA : 2237 sq.ft.

Rent : AED 120,000 per year

For more details kindly contact : 0559462578 / 0503290136
Office Tel  : 04-2432977


3BR + M زاهرا تاون هاوس للايجار @ نشامز تاون سكوير
النوع 1
صف
بوا: 2237 قدم مربع.

الإيجار: 120،000 درهم سنويا

لمزيد من التفاصيل يرجى الاتصال 0559462578 /0503290136 
أوفيس تيل: 04-2432977


RAPID DEALS REAL ESTATE BROKERS  -  Faster than you think !

Established with a view to provide comprehensive and customized solutions to all property related requirements, Rapid Deals aims to be one of the top real estate companies in Dubai. With over 20 years of experience in international property, the founders have catered the most discerning clients. The company boats of a long list of encouraging testimonials, detailing the expertise and quality of the service that Rapid Deals Real provides.

www.rapiddealsuae.com


دائرة التنمية الاقتصادية: 614741

ORN : 12756
BRN : 29448, 0, AM4243,AM4835,AM3449,AM4890,AM9509,AM9561,AM8709,AM8875,AM7488,AM2169, , U, 2237, Ready to Move, 3, 4, Zahra Townhouses, , Town Square, AE, 3705, 51809, 1, 3, 1, Single row 3BR+M Type 1 Zahra Townhouse , 2019-10-24 13:51:56, 2019-10-24 13:51:56)) {"exception":"[object] (Illuminate\\Database\\QueryException(code: 22007): SQLSTATE[22007]: Invalid datetime format: 1366 Incorrect integer value: '' for column `property_new_2`.`properties`.`map_pass` at row 1 (SQL: insert into `properties` (`property_name`, `property_url`, `property_type_id`, `property_code`, `property_price`, `description`, `commercial`, `amenities`, `map_pass`, `furnish_type`, `parea`, `construction_status`, `bedrooms`, `bathrooms`, `address1`, `address2`, `locality`, `country`, `state`, `city`, `add_by`, `service_id`, `agent`, `meta_title`, `updated_at`, `created_at`) values (Single row 3BR+M Type 1 Zahra Townhouse , Single-row-3BR-M-Type-1-Zahra-Townhouse--rapiddeals-573295, 1002, rapiddeals-573295, 120000, RERA Permit 16655

3BR+M Zahra Townhouse for rent @ Nshama's Town Square
Type 1
Single row
BUA : 2237 sq.ft.

Rent : AED 120,000 per year

For more details kindly contact : 0559462578 / 0503290136
Office Tel  : 04-2432977


3BR + M زاهرا تاون هاوس للايجار @ نشامز تاون سكوير
النوع 1
صف
بوا: 2237 قدم مربع.

الإيجار: 120،000 درهم سنويا

لمزيد من التفاصيل يرجى الاتصال 0559462578 /0503290136 
أوفيس تيل: 04-2432977


RAPID DEALS REAL ESTATE BROKERS  -  Faster than you think !

Established with a view to provide comprehensive and customized solutions to all property related requirements, Rapid Deals aims to be one of the top real estate companies in Dubai. With over 20 years of experience in international property, the founders have catered the most discerning clients. The company boats of a long list of encouraging testimonials, detailing the expertise and quality of the service that Rapid Deals Real provides.

www.rapiddealsuae.com


دائرة التنمية الاقتصادية: 614741

ORN : 12756
BRN : 29448, 0, AM4243,AM4835,AM3449,AM4890,AM9509,AM9561,AM8709,AM8875,AM7488,AM2169, , U, 2237, Ready to Move, 3, 4, Zahra Townhouses, , Town Square, AE, 3705, 51809, 1, 3, 1, Single row 3BR+M Type 1 Zahra Townhouse , 2019-10-24 13:51:56, 2019-10-24 13:51:56)) at D:\\GIT_Code\\IndiaPropertyClinic\\vendor\\laravel\\framework\\src\\Illuminate\\Database\\Connection.php:664, PDOException(code: 22007): SQLSTATE[22007]: Invalid datetime format: 1366 Incorrect integer value: '' for column `property_new_2`.`properties`.`map_pass` at row 1 at D:\\GIT_Code\\IndiaPropertyClinic\\vendor\\laravel\\framework\\src\\Illuminate\\Database\\Connection.php:458)
[stacktrace]
#0 D:\\GIT_Code\\IndiaPropertyClinic\\vendor\\laravel\\framework\\src\\Illuminate\\Database\\Connection.php(624): Illuminate\\Database\\Connection->runQueryCallback('insert into `pr...', Array, Object(Closure))
#1 D:\\GIT_Code\\IndiaPropertyClinic\\vendor\\laravel\\framework\\src\\Illuminate\\Database\\Connection.php(459): Illuminate\\Database\\Connection->run('insert into `pr...', Array, Object(Closure))
#2 D:\\GIT_Code\\IndiaPropertyClinic\\vendor\\laravel\\framework\\src\\Illuminate\\Database\\Connection.php(411): Illuminate\\Database\\Connection->statement('insert into `pr...', Array)
#3 D:\\GIT_Code\\IndiaPropertyClinic\\vendor\\laravel\\framework\\src\\Illuminate\\Database\\Query\\Processors\\Processor.php(32): Illuminate\\Database\\Connection->insert('insert into `pr...', Array)
#4 D:\\GIT_Code\\IndiaPropertyClinic\\vendor\\laravel\\framework\\src\\Illuminate\\Database\\Query\\Builder.php(2690): Illuminate\\Database\\Query\\Processors\\Processor->processInsertGetId(Object(Illuminate\\Database\\Query\\Builder), 'insert into `pr...', Array, 'id')
#5 D:\\GIT_Code\\IndiaPropertyClinic\\vendor\\laravel\\framework\\src\\Illuminate\\Database\\Eloquent\\Builder.php(1353): Illuminate\\Database\\Query\\Builder->insertGetId(Array, 'id')
#6 D:\\GIT_Code\\IndiaPropertyClinic\\vendor\\laravel\\framework\\src\\Illuminate\\Database\\Eloquent\\Model.php(839): Illuminate\\Database\\Eloquent\\Builder->__call('insertGetId', Array)
#7 D:\\GIT_Code\\IndiaPropertyClinic\\vendor\\laravel\\framework\\src\\Illuminate\\Database\\Eloquent\\Model.php(804): Illuminate\\Database\\Eloquent\\Model->insertAndSetId(Object(Illuminate\\Database\\Eloquent\\Builder), Array)
#8 D:\\GIT_Code\\IndiaPropertyClinic\\vendor\\laravel\\framework\\src\\Illuminate\\Database\\Eloquent\\Model.php(667): Illuminate\\Database\\Eloquent\\Model->performInsert(Object(Illuminate\\Database\\Eloquent\\Builder))
#9 D:\\GIT_Code\\IndiaPropertyClinic\\vendor\\laravel\\framework\\src\\Illuminate\\Database\\Eloquent\\Builder.php(795): Illuminate\\Database\\Eloquent\\Model->save()
#10 D:\\GIT_Code\\IndiaPropertyClinic\\vendor\\laravel\\framework\\src\\Illuminate\\Support\\helpers.php(1124): Illuminate\\Database\\Eloquent\\Builder->Illuminate\\Database\\Eloquent\\{closure}(Object(App\\Property))
#11 D:\\GIT_Code\\IndiaPropertyClinic\\vendor\\laravel\\framework\\src\\Illuminate\\Database\\Eloquent\\Builder.php(796): tap(Object(App\\Property), Object(Closure))
#12 D:\\GIT_Code\\IndiaPropertyClinic\\vendor\\laravel\\framework\\src\\Illuminate\\Support\\Traits\\ForwardsCalls.php(23): Illuminate\\Database\\Eloquent\\Builder->create(Array)
#13 D:\\GIT_Code\\IndiaPropertyClinic\\vendor\\laravel\\framework\\src\\Illuminate\\Database\\Eloquent\\Model.php(1618): Illuminate\\Database\\Eloquent\\Model->forwardCallTo(Object(Illuminate\\Database\\Eloquent\\Builder), 'create', Array)
#14 D:\\GIT_Code\\IndiaPropertyClinic\\vendor\\laravel\\framework\\src\\Illuminate\\Database\\Eloquent\\Model.php(1630): Illuminate\\Database\\Eloquent\\Model->__call('create', Array)
#15 D:\\GIT_Code\\IndiaPropertyClinic\\app\\Console\\Commands\\AddDubaiProperty.php(215): Illuminate\\Database\\Eloquent\\Model::__callStatic('create', Array)
#16 [internal function]: App\\Console\\Commands\\AddDubaiProperty->handle()
#17 D:\\GIT_Code\\IndiaPropertyClinic\\vendor\\laravel\\framework\\src\\Illuminate\\Container\\BoundMethod.php(32): call_user_func_array(Array, Array)
#18 D:\\GIT_Code\\IndiaPropertyClinic\\vendor\\laravel\\framework\\src\\Illuminate\\Container\\BoundMethod.php(90): Illuminate\\Container\\BoundMethod::Illuminate\\Container\\{closure}()
#19 D:\\GIT_Code\\IndiaPropertyClinic\\vendor\\laravel\\framework\\src\\Illuminate\\Container\\BoundMethod.php(34): Illuminate\\Container\\BoundMethod::callBoundMethod(Object(Illuminate\\Foundation\\Application), Array, Object(Closure))
#20 D:\\GIT_Code\\IndiaPropertyClinic\\vendor\\laravel\\framework\\src\\Illuminate\\Container\\Container.php(576): Illuminate\\Container\\BoundMethod::call(Object(Illuminate\\Foundation\\Application), Array, Array, NULL)
#21 D:\\GIT_Code\\IndiaPropertyClinic\\vendor\\laravel\\framework\\src\\Illuminate\\Console\\Command.php(183): Illuminate\\Container\\Container->call(Array)
#22 D:\\GIT_Code\\IndiaPropertyClinic\\vendor\\symfony\\console\\Command\\Command.php(255): Illuminate\\Console\\Command->execute(Object(Symfony\\Component\\Console\\Input\\ArgvInput), Object(Illuminate\\Console\\OutputStyle))
#23 D:\\GIT_Code\\IndiaPropertyClinic\\vendor\\laravel\\framework\\src\\Illuminate\\Console\\Command.php(170): Symfony\\Component\\Console\\Command\\Command->run(Object(Symfony\\Component\\Console\\Input\\ArgvInput), Object(Illuminate\\Console\\OutputStyle))
#24 D:\\GIT_Code\\IndiaPropertyClinic\\vendor\\symfony\\console\\Application.php(915): Illuminate\\Console\\Command->run(Object(Symfony\\Component\\Console\\Input\\ArgvInput), Object(Symfony\\Component\\Console\\Output\\ConsoleOutput))
#25 D:\\GIT_Code\\IndiaPropertyClinic\\vendor\\symfony\\console\\Application.php(272): Symfony\\Component\\Console\\Application->doRunCommand(Object(App\\Console\\Commands\\AddDubaiProperty), Object(Symfony\\Component\\Console\\Input\\ArgvInput), Object(Symfony\\Component\\Console\\Output\\ConsoleOutput))
#26 D:\\GIT_Code\\IndiaPropertyClinic\\vendor\\symfony\\console\\Application.php(148): Symfony\\Component\\Console\\Application->doRun(Object(Symfony\\Component\\Console\\Input\\ArgvInput), Object(Symfony\\Component\\Console\\Output\\ConsoleOutput))
#27 D:\\GIT_Code\\IndiaPropertyClinic\\vendor\\laravel\\framework\\src\\Illuminate\\Console\\Application.php(90): Symfony\\Component\\Console\\Application->run(Object(Symfony\\Component\\Console\\Input\\ArgvInput), Object(Symfony\\Component\\Console\\Output\\ConsoleOutput))
#28 D:\\GIT_Code\\IndiaPropertyClinic\\vendor\\laravel\\framework\\src\\Illuminate\\Foundation\\Console\\Kernel.php(133): Illuminate\\Console\\Application->run(Object(Symfony\\Component\\Console\\Input\\ArgvInput), Object(Symfony\\Component\\Console\\Output\\ConsoleOutput))
#29 D:\\GIT_Code\\IndiaPropertyClinic\\artisan(37): Illuminate\\Foundation\\Console\\Kernel->handle(Object(Symfony\\Component\\Console\\Input\\ArgvInput), Object(Symfony\\Component\\Console\\Output\\ConsoleOutput))
#30 {main}
"} 
